<?xml version="1.0" encoding="UTF-8"?>
<!-- Generated by org.testng.reporters.JUnitXMLReporter -->
<testsuite hostname="IBM983-PC0GHXBW" name="Sample test" tests="1" failures="1" timestamp="13 Feb 2019 06:05:11 GMT" time="33.447" errors="0">
  <testcase name="validLoginTest" time="6.739" classname="com.training.sanity.tests.LoginTests">
    <failure type="java.lang.NullPointerException">
      <![CDATA[java.lang.NullPointerException
	at org.openqa.selenium.support.pagefactory.internal.LocatingElementHandler.invoke(LocatingElementHandler.java:51)
	at com.sun.proxy.$Proxy8.clear(Unknown Source)
	at com.training.pom.LoginPOM.sendUserName(LoginPOM.java:26)
	at com.training.sanity.tests.LoginTests.validLoginTest(LoginTests.java:50)
... Removed 28 stack frames]]>
    </failure>
  </testcase> <!-- validLoginTest -->
</testsuite> <!-- Sample test -->
